app/build/intermediates/manifest_merge_blame_file/debug/manifest-merger-blame-debug-report.txt
1<?xml version="1.0" encoding="utf-8"?>
2<manifest xmlns:android="http://schemas.android.com/apk/res/android"
3    package="com.tasyadj.ppb.uas"
4    android:versionCode="1"
5    android:versionName="1.0" >
6
7    <uses-sdk
8        android:minSdkVersion="21"
8-->src\main\AndroidManifest.xml
9        android:targetSdkVersion="30" />
9-->src\main\AndroidManifest.xml
10
11    <uses-permission android:name="android.permission.CAMERA" />
11-->src\main\AndroidManifest.xml:5:5-65
11-->src\main\AndroidManifest.xml:5:22-62
12    <uses-permission android:name="android.permission.READ_EXTERNAL_STORAGE" />
12-->src\main\AndroidManifest.xml:6:5-80
12-->src\main\AndroidManifest.xml:6:22-77
13    <uses-permission android:name="android.permission.WRITE_EXTERNAL_STORAGE" />
13-->src\main\AndroidManifest.xml:7:5-81
13-->src\main\AndroidManifest.xml:7:22-78
14    <uses-permission android:name="android.permission.INTERNET" />
14-->src\main\AndroidManifest.xml:8:5-67
14-->src\main\AndroidManifest.xml:8:22-64
15    <uses-permission android:name="android.permission.STORAGE" /> <!-- Don't require camera, as this requires a rear camera. This allows it to work on the Nexus 7 -->
15-->[com.github.Gkemon:XML-to-PDF-generator:2.5] AndroidManifest.xml:12:5-66
15-->[com.github.Gkemon:XML-to-PDF-generator:2.5] AndroidManifest.xml:12:22-63
16    <uses-feature
16-->[com.journeyapps:zxing-android-embedded:3.5.0] AndroidManifest.xml:24:5-26:36
17        android:name="android.hardware.camera"
17-->[com.journeyapps:zxing-android-embedded:3.5.0] AndroidManifest.xml:25:9-47
18        android:required="false" />
18-->[com.journeyapps:zxing-android-embedded:3.5.0] AndroidManifest.xml:26:9-33
19    <uses-feature
19-->[com.journeyapps:zxing-android-embedded:3.5.0] AndroidManifest.xml:27:5-29:36
20        android:name="android.hardware.camera.front"
20-->[com.journeyapps:zxing-android-embedded:3.5.0] AndroidManifest.xml:28:9-53
21        android:required="false" /> <!-- TODO replace above two with next line after Android 4.2 -->
21-->[com.journeyapps:zxing-android-embedded:3.5.0] AndroidManifest.xml:29:9-33
22    <!-- <uses-feature android:name="android.hardware.camera.any"/> -->
23    <uses-feature
23-->[com.journeyapps:zxing-android-embedded:3.5.0] AndroidManifest.xml:32:5-34:36
24        android:name="android.hardware.camera.autofocus"
24-->[com.journeyapps:zxing-android-embedded:3.5.0] AndroidManifest.xml:33:9-57
25        android:required="false" />
25-->[com.journeyapps:zxing-android-embedded:3.5.0] AndroidManifest.xml:34:9-33
26    <uses-feature
26-->[com.journeyapps:zxing-android-embedded:3.5.0] AndroidManifest.xml:35:5-37:36
27        android:name="android.hardware.camera.flash"
27-->[com.journeyapps:zxing-android-embedded:3.5.0] AndroidManifest.xml:36:9-53
28        android:required="false" />
28-->[com.journeyapps:zxing-android-embedded:3.5.0] AndroidManifest.xml:37:9-33
29    <uses-feature
29-->[com.journeyapps:zxing-android-embedded:3.5.0] AndroidManifest.xml:38:5-40:36
30        android:name="android.hardware.screen.landscape"
30-->[com.journeyapps:zxing-android-embedded:3.5.0] AndroidManifest.xml:39:9-57
31        android:required="false" />
31-->[com.journeyapps:zxing-android-embedded:3.5.0] AndroidManifest.xml:40:9-33
32    <uses-feature
32-->[com.journeyapps:zxing-android-embedded:3.5.0] AndroidManifest.xml:41:5-43:36
33        android:name="android.hardware.wifi"
33-->[com.journeyapps:zxing-android-embedded:3.5.0] AndroidManifest.xml:42:9-45
34        android:required="false" />
34-->[com.journeyapps:zxing-android-embedded:3.5.0] AndroidManifest.xml:43:9-33
35
36    <application
36-->src\main\AndroidManifest.xml:10:5-55:19
37        android:allowBackup="true"
37-->src\main\AndroidManifest.xml:11:9-35
38        android:appComponentFactory="androidx.core.app.CoreComponentFactory"
38-->[androidx.core:core:1.3.1] AndroidManifest.xml:24:18-86
39        android:debuggable="true"
40        android:icon="@drawable/logo_kasir_mobile"
40-->src\main\AndroidManifest.xml:12:9-51
41        android:label="@string/app_name"
41-->src\main\AndroidManifest.xml:13:9-41
42        android:requestLegacyExternalStorage="true"
42-->[com.github.Gkemon:XML-to-PDF-generator:2.5] AndroidManifest.xml:15:18-61
43        android:roundIcon="@drawable/logo_kasir_mobile"
43-->src\main\AndroidManifest.xml:14:9-56
44        android:supportsRtl="true"
44-->src\main\AndroidManifest.xml:15:9-35
45        android:testOnly="true"
46        android:theme="@style/Theme.KasirMobile" >
46-->src\main\AndroidManifest.xml:16:9-49
47        <activity
47-->src\main\AndroidManifest.xml:17:9-20:60
48            android:name="com.tasyadj.ppb.uas.ui.login.LoginActivity"
48-->src\main\AndroidManifest.xml:18:13-51
49            android:exported="false"
49-->src\main\AndroidManifest.xml:19:13-37
50            android:label="@string/title_activity_login" />
50-->src\main\AndroidManifest.xml:20:13-57
51        <activity
51-->src\main\AndroidManifest.xml:21:9-29:20
52            android:name="com.tasyadj.ppb.uas.Activity.SplashScreenActivity"
52-->src\main\AndroidManifest.xml:22:13-58
53            android:screenOrientation="portrait" >
53-->src\main\AndroidManifest.xml:23:13-49
54            <intent-filter>
54-->src\main\AndroidManifest.xml:24:13-28:29
55                <action android:name="android.intent.action.MAIN" />
55-->src\main\AndroidManifest.xml:25:17-69
55-->src\main\AndroidManifest.xml:25:25-66
56
57                <category android:name="android.intent.category.LAUNCHER" />
57-->src\main\AndroidManifest.xml:27:17-77
57-->src\main\AndroidManifest.xml:27:27-74
58            </intent-filter>
59        </activity>
60        <activity
60-->src\main\AndroidManifest.xml:30:9-32:52
61            android:name="com.tasyadj.ppb.uas.Activity.IntroActivity"
61-->src\main\AndroidManifest.xml:31:13-51
62            android:screenOrientation="portrait" />
62-->src\main\AndroidManifest.xml:32:13-49
63        <activity
63-->src\main\AndroidManifest.xml:33:9-35:52
64            android:name="com.tasyadj.ppb.uas.Activity.LoginActivity"
64-->src\main\AndroidManifest.xml:34:13-51
65            android:screenOrientation="portrait" />
65-->src\main\AndroidManifest.xml:35:13-49
66        <activity
66-->src\main\AndroidManifest.xml:36:9-38:61
67            android:name="com.tasyadj.ppb.uas.Activity.MainActivity"
67-->src\main\AndroidManifest.xml:37:13-50
68            android:screenOrientation="portrait" />
68-->src\main\AndroidManifest.xml:38:13-49
69        <activity
69-->src\main\AndroidManifest.xml:39:9-41:52
70            android:name="com.tasyadj.ppb.uas.Activity.TambahManualActivity"
70-->src\main\AndroidManifest.xml:40:13-58
71            android:screenOrientation="portrait" />
71-->src\main\AndroidManifest.xml:41:13-49
72        <activity
72-->src\main\AndroidManifest.xml:42:9-44:52
73            android:name="com.tasyadj.ppb.uas.Activity.TambahOtomatisActivity"
73-->src\main\AndroidManifest.xml:43:13-60
74            android:screenOrientation="portrait" />
74-->src\main\AndroidManifest.xml:44:13-49
75        <activity
75-->src\main\AndroidManifest.xml:45:9-47:52
76            android:name="com.tasyadj.ppb.uas.Activity.BantuanActivity"
76-->src\main\AndroidManifest.xml:46:13-53
77            android:screenOrientation="portrait" />
77-->src\main\AndroidManifest.xml:47:13-49
78        <activity
78-->src\main\AndroidManifest.xml:48:9-50:52
79            android:name="com.tasyadj.ppb.uas.Activity.TentangActivity"
79-->src\main\AndroidManifest.xml:49:13-53
80            android:screenOrientation="portrait" />
80-->src\main\AndroidManifest.xml:50:13-49
81        <activity
81-->src\main\AndroidManifest.xml:51:9-54:56
82            android:name="com.theartofdev.edmodo.cropper.CropImageActivity"
82-->src\main\AndroidManifest.xml:52:13-76
83            android:screenOrientation="portrait"
83-->src\main\AndroidManifest.xml:53:13-49
84            android:theme="@style/Theme.KasirMobile" />
84-->src\main\AndroidManifest.xml:54:13-53
85
86        <provider
86-->[com.github.Gkemon:XML-to-PDF-generator:2.5] AndroidManifest.xml:16:9-24:20
87            android:name="com.gkemon.XMLtoPDF.model.XmlToPDFFileProvider"
87-->[com.github.Gkemon:XML-to-PDF-generator:2.5] AndroidManifest.xml:17:13-74
88            android:authorities="com.tasyadj.ppb.uas.xmlToPdf.provider"
88-->[com.github.Gkemon:XML-to-PDF-generator:2.5] AndroidManifest.xml:18:13-69
89            android:exported="false"
89-->[com.github.Gkemon:XML-to-PDF-generator:2.5] AndroidManifest.xml:19:13-37
90            android:grantUriPermissions="true" >
90-->[com.github.Gkemon:XML-to-PDF-generator:2.5] AndroidManifest.xml:20:13-47
91            <meta-data
91-->[com.github.Gkemon:XML-to-PDF-generator:2.5] AndroidManifest.xml:21:13-23:58
92                android:name="android.support.FILE_PROVIDER_PATHS"
92-->[com.github.Gkemon:XML-to-PDF-generator:2.5] AndroidManifest.xml:22:17-67
93                android:resource="@xml/provider_paths" />
93-->[com.github.Gkemon:XML-to-PDF-generator:2.5] AndroidManifest.xml:23:17-55
94        </provider>
95
96        <activity
96-->[com.karumi:dexter:6.2.1] AndroidManifest.xml:27:9-29:72
97            android:name="com.karumi.dexter.DexterActivity"
97-->[com.karumi:dexter:6.2.1] AndroidManifest.xml:28:13-60
98            android:theme="@style/Dexter.Internal.Theme.Transparent" />
98-->[com.karumi:dexter:6.2.1] AndroidManifest.xml:29:13-69
99        <activity
99-->[com.journeyapps:zxing-android-embedded:3.5.0] AndroidManifest.xml:46:9-52:63
100            android:name="com.journeyapps.barcodescanner.CaptureActivity"
100-->[com.journeyapps:zxing-android-embedded:3.5.0] AndroidManifest.xml:47:13-74
101            android:clearTaskOnLaunch="true"
101-->[com.journeyapps:zxing-android-embedded:3.5.0] AndroidManifest.xml:48:13-45
102            android:screenOrientation="sensorLandscape"
102-->[com.journeyapps:zxing-android-embedded:3.5.0] AndroidManifest.xml:49:13-56
103            android:stateNotNeeded="true"
103-->[com.journeyapps:zxing-android-embedded:3.5.0] AndroidManifest.xml:50:13-42
104            android:theme="@style/zxing_CaptureTheme"
104-->[com.journeyapps:zxing-android-embedded:3.5.0] AndroidManifest.xml:51:13-54
105            android:windowSoftInputMode="stateAlwaysHidden" />
105-->[com.journeyapps:zxing-android-embedded:3.5.0] AndroidManifest.xml:52:13-60
106    </application>
107
108</manifest>